[debug] [2022-01-27T21:04:13.592Z] ----------------------------------------------------------------------
[debug] [2022-01-27T21:04:13.598Z] Command:       C:\Program Files\nodejs\node.exe C:\Program Files\nodejs\node_modules\firebase-tools\lib\bin\firebase.js init
[debug] [2022-01-27T21:04:13.600Z] CLI Version:   10.1.2
[debug] [2022-01-27T21:04:13.600Z] Platform:      win32
[debug] [2022-01-27T21:04:13.600Z] Node Version:  v16.13.1
[debug] [2022-01-27T21:04:13.610Z] Time:          Thu Jan 27 2022 16:04:13 GMT-0500 (Eastern Standard Time)
[debug] [2022-01-27T21:04:13.611Z] ----------------------------------------------------------------------
[debug] 
[debug] [2022-01-27T21:04:13.645Z] > command requires scopes: ["email","openid","https://www.googleapis.com/auth/cloudplatformprojects.readonly","https://www.googleapis.com/auth/firebase","https://www.googleapis.com/auth/cloud-platform"]
[debug] [2022-01-27T21:04:13.647Z] > authorizing via signed-in user (mianmiantea2016@gmail.com)
[info] 
     ######## #### ########  ######## ########     ###     ######  ########
     ##        ##  ##     ## ##       ##     ##  ##   ##  ##       ##
     ######    ##  ########  ######   ########  #########  ######  ######
     ##        ##  ##    ##  ##       ##     ## ##     ##       ## ##
     ##       #### ##     ## ######## ########  ##     ##  ######  ########

You're about to initialize a Firebase project in this directory:

  C:\Mianmian Folder\Homework\ChatWithMe

Before we get started, keep in mind:

  * You are currently outside your home directory

