[debug] [2023-01-08T16:14:37.910Z] ----------------------------------------------------------------------
[debug] [2023-01-08T16:14:37.913Z] Command:       C:\Program Files (x86)\nodejs\node.exe C:\Users\mianmian\AppData\Roaming\npm\node_modules\firebase-tools\lib\bin\firebase.js init
[debug] [2023-01-08T16:14:37.913Z] CLI Version:   11.19.0
[debug] [2023-01-08T16:14:37.914Z] Platform:      win32
[debug] [2023-01-08T16:14:37.914Z] Node Version:  v16.11.1
[debug] [2023-01-08T16:14:37.915Z] Time:          Sun Jan 08 2023 11:14:37 GMT-0500 (Eastern Standard Time)
[debug] [2023-01-08T16:14:37.916Z] ----------------------------------------------------------------------
[debug] 
[debug] [2023-01-08T16:14:38.019Z] > command requires scopes: ["email","openid","https://www.googleapis.com/auth/cloudplatformprojects.readonly","https://www.googleapis.com/auth/firebase","https://www.googleapis.com/auth/cloud-platform"]
[debug] [2023-01-08T16:14:38.019Z] > authorizing via signed-in user (mianmiantea2016@gmail.com)
[info] 
     ######## #### ########  ######## ########     ###     ######  ########
     ##        ##  ##     ## ##       ##     ##  ##   ##  ##       ##
     ######    ##  ########  ######   ########  #########  ######  ######
     ##        ##  ##    ##  ##       ##     ## ##     ##       ## ##
     ##       #### ##     ## ######## ########  ##     ##  ######  ########

You're about to initialize a Firebase project in this directory:

  I:\00-mianmian文件电脑下载备份--------------------------------------------------------------\Homework\ChatWithMe\my-app

Before we get started, keep in mind:

  * You are initializing within an existing Firebase project directory

[info] 
=== Project Setup
[info] 
[info] First, let's associate this project directory with a Firebase project.
[info] You can create multiple project aliases by running firebase use --add, 
[info] but for now we'll just set up a default project.
[info] 
[debug] [2023-01-08T16:14:44.586Z] Using project from CLI flag: what-sappclone
[debug] [2023-01-08T16:14:44.590Z] >>> [apiv2][query] GET https://firebase.googleapis.com/v1beta1/projects/what-sappclone [none]
[debug] [2023-01-08T16:14:44.920Z] <<< [apiv2][status] GET https://firebase.googleapis.com/v1beta1/projects/what-sappclone 200
[debug] [2023-01-08T16:14:44.920Z] <<< [apiv2][body] GET https://firebase.googleapis.com/v1beta1/projects/what-sappclone {"projectId":"what-sappclone","projectNumber":"183779214338","displayName":"what-sappclone","name":"projects/what-sappclone","resources":{"hostingSite":"what-sappclone","realtimeDatabaseInstance":"what-sappclone","storageBucket":"what-sappclone.appspot.com","locationId":"us-central"},"state":"ACTIVE","etag":"1_49b5f84f-b56c-4fa8-b5be-03d63f1d544a"}
[info] i  Using project what-sappclone (what-sappclone) 
[info] 
=== Hosting Setup
[info] 
[info] Your public directory is the folder (relative to your project directory) that
[info] will contain Hosting assets to be uploaded with firebase deploy. If you
[info] have a build process for your assets, use your build's output directory.
[info] 
